<?xml version="1.0" encoding="UTF-8"?>
<testsuite xmlns:xsi="http://www.w3.org/2001/XMLSchema-instance" xsi:noNamespaceSchemaLocation="https://maven.apache.org/surefire/maven-surefire-plugin/xsd/surefire-test-report.xsd" version="3.0.2" name="com.dileep.mqtt.MqttGatwayConfigApplicationTests" time="3.844" tests="1" errors="0" skipped="0" failures="0" flakes="0">
  <properties>
[...]
</properties>
  <testcase name="contextLoads" classname="com.dileep.mqtt.MqttGatwayConfigApplicationTests" time="0.732">
    <system-out><![CDATA[17:33:32.593 [main] INFO org.springframework.test.context.support.AnnotationConfigContextLoaderUtils -- Could not detect default configuration classes for test class [com.dileep.mqtt.MqttGatwayConfigApplicationTests]: MqttGatwayConfigApplicationTests does not declare any static, non-private, non-final, nested classes annotated with @Configuration.
17:33:32.751 [main] INFO org.springframework.boot.test.context.SpringBootTestContextBootstrapper -- Found @SpringBootConfiguration com.dileep.mqtt.MqttGatwayConfigApplication for test class com.dileep.mqtt.MqttGatwayConfigApplicationTests
17:33:32.891 [main] INFO org.springframework.test.context.support.AnnotationConfigContextLoaderUtils -- Could not detect default configuration classes for test class [com.dileep.mqtt.MqttGatwayConfigApplicationTests]: MqttGatwayConfigApplicationTests does not declare any static, non-private, non-final, nested classes annotated with @Configuration.
17:33:32.895 [main] INFO org.springframework.boot.test.context.SpringBootTestContextBootstrapper -- Found @SpringBootConfiguration com.dileep.mqtt.MqttGatwayConfigApplication for test class com.dileep.mqtt.MqttGatwayConfigApplicationTests

  .   ____          _            __ _ _
 /\\ / ___'_ __ _ _(_)_ __  __ _ \ \ \ \
( ( )\___ | '_ | '_| | '_ \/ _` | \ \ \ \
 \\/  ___)| |_)| | | | | || (_| |  ) ) ) )
  '  |____| .__|_| |_|_| |_\__, | / / / /
 =========|_|==============|___/=/_/_/_/

 :: Spring Boot ::                (v4.1.0)

2026-07-06T17:33:33.345+05:30  INFO 12488 --- [MQTT_GatwayConfig] [           main] c.d.m.MqttGatwayConfigApplicationTests   : Starting MqttGatwayConfigApplicationTests using Java 25.0.2 with PID 12488 (started by Xinthe in C:\MyEnv\LearningMS\MQTT_Config-master)
2026-07-06T17:33:33.348+05:30  INFO 12488 --- [MQTT_GatwayConfig] [           main] c.d.m.MqttGatwayConfigApplicationTests   : No active profile set, falling back to 1 default profile: "default"
2026-07-06T17:33:34.942+05:30  INFO 12488 --- [MQTT_GatwayConfig] [ef-c8b89448b7be] c.d.mqtt.service.MqttGatewayService      : MQTT Connected
2026-07-06T17:33:34.942+05:30  INFO 12488 --- [MQTT_GatwayConfig] [           main] c.d.mqtt.service.MqttGatewayService      : MQTT Connected Successfully
2026-07-06T17:33:35.442+05:30  INFO 12488 --- [MQTT_GatwayConfig] [           main] c.d.m.MqttGatwayConfigApplicationTests   : Started MqttGatwayConfigApplicationTests in 2.457 seconds (process running for 3.859)
]]></system-out>
    <system-err><![CDATA[Mockito is currently self-attaching to enable the inline-mock-maker. This will no longer work in future releases of the JDK. Please add Mockito as an agent to your build as described in Mockito's documentation: https://javadoc.io/doc/org.mockito/mockito-core/latest/org.mockito/org/mockito/Mockito.html#0.3
WARNING: A Java agent has been loaded dynamically (C:\Users\Xinthe\.m2\repository\net\bytebuddy\byte-buddy-agent\1.18.10\byte-buddy-agent-1.18.10.jar)
WARNING: If a serviceability tool is in use, please run with -XX:+EnableDynamicAgentLoading to hide this warning
WARNING: If a serviceability tool is not in use, please run with -Djdk.instrument.traceUsage for more information
WARNING: Dynamic loading of agents will be disallowed by default in a future release
]]></system-err>
  </testcase>
</testsuite>